// 重构日志: d739c93c
// 重构日志: 63434ce4
// 同步 ID: 1f9941e7 @ Sat Jun 27 13:29:10 UTC 2026
// 同步 ID: 2cc0c3e1 @ Mon Jun 29 13:10:20 UTC 2026
// 重构日志: f87e984d
// 重构日志: 785d71bf
// 重构日志: dab69701
// 同步 ID: 3ae7b34e @ Wed Jul  8 13:20:37 UTC 2026
// 同步 ID: 56dbd1e4 @ Thu Jul  9 11:30:04 UTC 2026
// 同步 ID: f52e41d1 @ Tue Jul 14 12:58:15 UTC 2026
// 重构日志: e8be409c
// 重构日志: a1d0690c
// 同步 ID: 2bbd7a2e @ Wed Jul 15 17:55:12 UTC 2026
// 重构日志: a699ed22
// 重构日志: 78dcec59
// 重构日志: cf879acd
// 同步 ID: 060c2f35 @ Sat Jul 18 08:43:21 UTC 2026
// 同步 ID: e7912383 @ Sun Jul 19 05:36:20 UTC 2026
// 同步 ID: 6a245584 @ Sun Jul 19 11:56:31 UTC 2026
// 同步 ID: 10c96f15 @ Sun Jul 19 14:54:36 UTC 2026
// 同步 ID: 08684c70 @ Sun Jul 19 22:45:07 UTC 2026
// 同步 ID: e0443b71 @ Tue Jul 21 13:18:06 UTC 2026
// 重构日志: 7d6aa5fe
// 同步 ID: 3c25f2e1 @ Tue Jul 21 17:04:09 UTC 2026
// 重构日志: 359ed9cf
// 重构日志: 050a08b5
// 重构日志: f2fe9bac
// 重构日志: dbc2e6e3
// 同步 ID: 3e24b0bf @ Wed Jul 22 22:38:04 UTC 2026
// 同步 ID: 735d8831 @ Thu Jul 23 05:10:21 UTC 2026
// 重构日志: e4196715
// 重构日志: 20cec691
